============================== Mace4 =================================
Mace4 (64) version 2017-11A (CIIRC), November 2017.
Process 96043 was started by os on ubuntu,
Sun Nov 21 15:59:31 2021
The command was "mace4 -m 10 -f AllProver9Mace4Code/allout_generator_C.in".
============================== end of head ===========================

============================== INPUT =================================

% Reading from file AllProver9Mace4Code/allout_generator_C.in

set(prolog_style_variables).
set(arithmetic).
    % set(arithmetic) -> clear(lnh).
    % set(arithmetic) -> assign(selection_order, 0).

    % Declaring Mace4 arithmetic parse types.
assign(domain_size,5).
    % assign(domain_size, 5) -> assign(start_size, 5).
    % assign(domain_size, 5) -> assign(end_size, 5).

formulas(assumptions).
Xor(X,Y) = 1 <-> X = 0 & Y = 1 | X = 1 & Y = 0.
Xor(X,Y) != 1 -> Xor(X,Y) = 0.
And(X,Y) = 1 <-> X = 1 & Y = 1.
And(X,Y) != 1 -> And(X,Y) = 0.
On(X,Y) = 1 | On(X,Y) = 0.
Y >= 1 & YN + 1 = Y & D = DotProduct1(X,YN) & O = On(X,Y) & N = N1(X,Y) -> DotProduct1(X,Y) = Xor(D,And(O,N)).
X >= 0 & XN + 1 = X & D = DotProduct1(XN,4) & O = On(X,0) & N = N1(X,0) -> DotProduct1(X,0) = Xor(D,And(O,N)).
O = On(0,0) & N = N1(0,0) -> DotProduct1(0,0) = And(O,N).
Y >= 1 & YN + 1 = Y & D = DotProduct2(X,YN) & O = On(X,Y) & N = N2(X,Y) -> DotProduct2(X,Y) = Xor(D,And(O,N)).
X >= 0 & XN + 1 = X & D = DotProduct2(XN,4) & O = On(X,0) & N = N2(X,0) -> DotProduct2(X,0) = Xor(D,And(O,N)).
O = On(0,0) & N = N2(0,0) -> DotProduct2(0,0) = And(O,N).
DotProduct1(4,4) = 0.
DotProduct2(4,4) = 0.
(exists X exists Y On(X,Y) = 1).
N1(0,0) = 0.
N1(0,1) = 1.
N1(0,2) = 1.
N1(0,3) = 1.
N1(0,4) = 0.
N1(1,0) = 1.
N1(1,1) = 0.
N1(1,2) = 1.
N1(1,3) = 0.
N1(1,4) = 1.
N1(2,0) = 1.
N1(2,1) = 1.
N1(2,2) = 0.
N1(2,3) = 1.
N1(2,4) = 1.
N1(3,0) = 1.
N1(3,1) = 0.
N1(3,2) = 1.
N1(3,3) = 0.
N1(3,4) = 1.
N1(4,0) = 0.
N1(4,1) = 1.
N1(4,2) = 1.
N1(4,3) = 1.
N1(4,4) = 0.
N2(0,0) = 1.
N2(0,1) = 0.
N2(0,2) = 1.
N2(0,3) = 0.
N2(0,4) = 1.
N2(1,0) = 1.
N2(1,1) = 0.
N2(1,2) = 1.
N2(1,3) = 0.
N2(1,4) = 1.
N2(2,0) = 0.
N2(2,1) = 0.
N2(2,2) = 0.
N2(2,3) = 0.
N2(2,4) = 0.
N2(3,0) = 1.
N2(3,1) = 0.
N2(3,2) = 1.
N2(3,3) = 0.
N2(3,4) = 1.
N2(4,0) = 1.
N2(4,1) = 0.
N2(4,2) = 1.
N2(4,3) = 0.
N2(4,4) = 1.
end_of_list.

% From the command line: assign(max_models, 10).

============================== end of input ==========================

============================== PROCESS NON-CLAUSAL FORMULAS ==========

% Formulas that are not ordinary clauses:
1 Xor(X,Y) = 1 <-> X = 0 & Y = 1 | X = 1 & Y = 0 # label(non_clause).  [assumption].
2 Xor(X,Y) != 1 -> Xor(X,Y) = 0 # label(non_clause).  [assumption].
3 And(X,Y) = 1 <-> X = 1 & Y = 1 # label(non_clause).  [assumption].
4 And(X,Y) != 1 -> And(X,Y) = 0 # label(non_clause).  [assumption].
5 Y >= 1 & YN + 1 = Y & D = DotProduct1(X,YN) & O = On(X,Y) & N = N1(X,Y) -> DotProduct1(X,Y) = Xor(D,And(O,N)) # label(non_clause).  [assumption].
6 X >= 0 & XN + 1 = X & D = DotProduct1(XN,4) & O = On(X,0) & N = N1(X,0) -> DotProduct1(X,0) = Xor(D,And(O,N)) # label(non_clause).  [assumption].
7 O = On(0,0) & N = N1(0,0) -> DotProduct1(0,0) = And(O,N) # label(non_clause).  [assumption].
8 Y >= 1 & YN + 1 = Y & D = DotProduct2(X,YN) & O = On(X,Y) & N = N2(X,Y) -> DotProduct2(X,Y) = Xor(D,And(O,N)) # label(non_clause).  [assumption].
9 X >= 0 & XN + 1 = X & D = DotProduct2(XN,4) & O = On(X,0) & N = N2(X,0) -> DotProduct2(X,0) = Xor(D,And(O,N)) # label(non_clause).  [assumption].
10 O = On(0,0) & N = N2(0,0) -> DotProduct2(0,0) = And(O,N) # label(non_clause).  [assumption].
11 (exists X exists Y On(X,Y) = 1) # label(non_clause).  [assumption].

============================== end of process non-clausal formulas ===

============================== CLAUSES FOR SEARCH ====================

formulas(mace4_clauses).
Xor(A,B) != 1 | 0 = A | 1 = A.
Xor(A,B) != 1 | 0 = A | 0 = B.
Xor(A,B) != 1 | 1 = B | 1 = A.
Xor(A,B) != 1 | 1 = B | 0 = B.
Xor(A,B) = 1 | 0 != A | 1 != B.
Xor(A,B) = 1 | 1 != A | 0 != B.
Xor(A,B) = 1 | Xor(A,B) = 0.
And(A,B) != 1 | 1 = A.
And(A,B) != 1 | 1 = B.
And(A,B) = 1 | 1 != A | 1 != B.
And(A,B) = 1 | And(A,B) = 0.
On(A,B) = 1 | On(A,B) = 0.
-(A >= 1) | B + 1 != A | DotProduct1(C,B) != D | On(C,A) != E | N1(C,A) != F | DotProduct1(C,A) = Xor(D,And(E,F)).
-(A >= 0) | B + 1 != A | DotProduct1(B,4) != C | On(A,0) != D | N1(A,0) != E | DotProduct1(A,0) = Xor(C,And(D,E)).
On(0,0) != A | N1(0,0) != B | DotProduct1(0,0) = And(A,B).
-(A >= 1) | B + 1 != A | DotProduct2(C,B) != D | On(C,A) != E | N2(C,A) != F | DotProduct2(C,A) = Xor(D,And(E,F)).
-(A >= 0) | B + 1 != A | DotProduct2(B,4) != C | On(A,0) != D | N2(A,0) != E | DotProduct2(A,0) = Xor(C,And(D,E)).
On(0,0) != A | N2(0,0) != B | DotProduct2(0,0) = And(A,B).
DotProduct1(4,4) = 0.
DotProduct2(4,4) = 0.
On(c1,c2) = 1.
N1(0,0) = 0.
N1(0,1) = 1.
N1(0,2) = 1.
N1(0,3) = 1.
N1(0,4) = 0.
N1(1,0) = 1.
N1(1,1) = 0.
N1(1,2) = 1.
N1(1,3) = 0.
N1(1,4) = 1.
N1(2,0) = 1.
N1(2,1) = 1.
N1(2,2) = 0.
N1(2,3) = 1.
N1(2,4) = 1.
N1(3,0) = 1.
N1(3,1) = 0.
N1(3,2) = 1.
N1(3,3) = 0.
N1(3,4) = 1.
N1(4,0) = 0.
N1(4,1) = 1.
N1(4,2) = 1.
N1(4,3) = 1.
N1(4,4) = 0.
N2(0,0) = 1.
N2(0,1) = 0.
N2(0,2) = 1.
N2(0,3) = 0.
N2(0,4) = 1.
N2(1,0) = 1.
N2(1,1) = 0.
N2(1,2) = 1.
N2(1,3) = 0.
N2(1,4) = 1.
N2(2,0) = 0.
N2(2,1) = 0.
N2(2,2) = 0.
N2(2,3) = 0.
N2(2,4) = 0.
N2(3,0) = 1.
N2(3,1) = 0.
N2(3,2) = 1.
N2(3,3) = 0.
N2(3,4) = 1.
N2(4,0) = 1.
N2(4,1) = 0.
N2(4,2) = 1.
N2(4,3) = 0.
N2(4,4) = 1.
end_of_list.

============================== end of clauses for search =============

% The largest natural number in the input is 4.

============================== DOMAIN SIZE 5 =========================

============================== MODEL =================================

interpretation( 5, [number=1, seconds=0], [

        function(c1, [ 0 ]),

        function(c2, [ 0 ]),

        function(And(_,_), [
			   0, 0, 0, 0, 0,
			   0, 1, 0, 0, 0,
			   0, 0, 0, 0, 0,
			   0, 0, 0, 0, 0,
			   0, 0, 0, 0, 0 ]),

        function(DotProduct1(_,_), [
			   0, 0, 0, 0, 0,
			   0, 0, 0, 0, 0,
			   0, 0, 0, 0, 0,
			   0, 0, 0, 0, 0,
			   0, 0, 0, 0, 0 ]),

        function(DotProduct2(_,_), [
			   1, 1, 1, 1, 0,
			   0, 0, 0, 0, 0,
			   0, 0, 0, 0, 0,
			   0, 0, 0, 0, 0,
			   0, 0, 0, 0, 0 ]),

        function(N1(_,_), [
			   0, 1, 1, 1, 0,
			   1, 0, 1, 0, 1,
			   1, 1, 0, 1, 1,
			   1, 0, 1, 0, 1,
			   0, 1, 1, 1, 0 ]),

        function(N2(_,_), [
			   1, 0, 1, 0, 1,
			   1, 0, 1, 0, 1,
			   0, 0, 0, 0, 0,
			   1, 0, 1, 0, 1,
			   1, 0, 1, 0, 1 ]),

        function(On(_,_), [
			   1, 0, 0, 0, 1,
			   0, 0, 0, 0, 0,
			   0, 0, 0, 0, 0,
			   0, 0, 0, 0, 0,
			   0, 0, 0, 0, 0 ]),

        function(Xor(_,_), [
			   0, 1, 0, 0, 0,
			   1, 0, 0, 0, 0,
			   0, 0, 0, 0, 0,
			   0, 0, 0, 0, 0,
			   0, 0, 0, 0, 0 ])
]).

============================== end of model ==========================

============================== MODEL =================================

interpretation( 5, [number=2, seconds=0], [

        function(c1, [ 0 ]),

        function(c2, [ 0 ]),

        function(And(_,_), [
			   0, 0, 0, 0, 0,
			   0, 1, 0, 0, 0,
			   0, 0, 0, 0, 0,
			   0, 0, 0, 0, 0,
			   0, 0, 0, 0, 0 ]),

        function(DotProduct1(_,_), [
			   0, 0, 0, 0, 0,
			   0, 0, 0, 0, 0,
			   0, 0, 0, 0, 0,
			   0, 0, 0, 0, 0,
			   0, 0, 0, 0, 0 ]),

        function(DotProduct2(_,_), [
			   1, 1, 1, 1, 0,
			   0, 0, 0, 0, 0,
			   0, 0, 0, 0, 0,
			   0, 0, 0, 0, 0,
			   0, 0, 0, 0, 0 ]),

        function(N1(_,_), [
			   0, 1, 1, 1, 0,
			   1, 0, 1, 0, 1,
			   1, 1, 0, 1, 1,
			   1, 0, 1, 0, 1,
			   0, 1, 1, 1, 0 ]),

        function(N2(_,_), [
			   1, 0, 1, 0, 1,
			   1, 0, 1, 0, 1,
			   0, 0, 0, 0, 0,
			   1, 0, 1, 0, 1,
			   1, 0, 1, 0, 1 ]),

        function(On(_,_), [
			   1, 0, 0, 0, 1,
			   0, 0, 0, 0, 0,
			   0, 0, 0, 0, 0,
			   0, 0, 0, 1, 0,
			   0, 0, 0, 0, 0 ]),

        function(Xor(_,_), [
			   0, 1, 0, 0, 0,
			   1, 0, 0, 0, 0,
			   0, 0, 0, 0, 0,
			   0, 0, 0, 0, 0,
			   0, 0, 0, 0, 0 ])
]).

============================== end of model ==========================

============================== MODEL =================================

interpretation( 5, [number=3, seconds=0], [

        function(c1, [ 0 ]),

        function(c2, [ 0 ]),

        function(And(_,_), [
			   0, 0, 0, 0, 0,
			   0, 1, 0, 0, 0,
			   0, 0, 0, 0, 0,
			   0, 0, 0, 0, 0,
			   0, 0, 0, 0, 0 ]),

        function(DotProduct1(_,_), [
			   0, 0, 0, 0, 0,
			   0, 0, 0, 0, 0,
			   0, 0, 0, 0, 0,
			   0, 0, 0, 0, 0,
			   0, 0, 0, 0, 0 ]),

        function(DotProduct2(_,_), [
			   1, 1, 1, 1, 0,
			   0, 0, 0, 0, 0,
			   0, 0, 0, 0, 0,
			   0, 0, 0, 0, 0,
			   0, 0, 0, 0, 0 ]),

        function(N1(_,_), [
			   0, 1, 1, 1, 0,
			   1, 0, 1, 0, 1,
			   1, 1, 0, 1, 1,
			   1, 0, 1, 0, 1,
			   0, 1, 1, 1, 0 ]),

        function(N2(_,_), [
			   1, 0, 1, 0, 1,
			   1, 0, 1, 0, 1,
			   0, 0, 0, 0, 0,
			   1, 0, 1, 0, 1,
			   1, 0, 1, 0, 1 ]),

        function(On(_,_), [
			   1, 0, 0, 0, 1,
			   0, 0, 0, 0, 0,
			   0, 0, 0, 0, 0,
			   0, 1, 0, 0, 0,
			   0, 0, 0, 0, 0 ]),

        function(Xor(_,_), [
			   0, 1, 0, 0, 0,
			   1, 0, 0, 0, 0,
			   0, 0, 0, 0, 0,
			   0, 0, 0, 0, 0,
			   0, 0, 0, 0, 0 ])
]).

============================== end of model ==========================

============================== MODEL =================================

interpretation( 5, [number=4, seconds=0], [

        function(c1, [ 0 ]),

        function(c2, [ 0 ]),

        function(And(_,_), [
			   0, 0, 0, 0, 0,
			   0, 1, 0, 0, 0,
			   0, 0, 0, 0, 0,
			   0, 0, 0, 0, 0,
			   0, 0, 0, 0, 0 ]),

        function(DotProduct1(_,_), [
			   0, 0, 0, 0, 0,
			   0, 0, 0, 0, 0,
			   0, 0, 0, 0, 0,
			   0, 0, 0, 0, 0,
			   0, 0, 0, 0, 0 ]),

        function(DotProduct2(_,_), [
			   1, 1, 1, 1, 0,
			   0, 0, 0, 0, 0,
			   0, 0, 0, 0, 0,
			   0, 0, 0, 0, 0,
			   0, 0, 0, 0, 0 ]),

        function(N1(_,_), [
			   0, 1, 1, 1, 0,
			   1, 0, 1, 0, 1,
			   1, 1, 0, 1, 1,
			   1, 0, 1, 0, 1,
			   0, 1, 1, 1, 0 ]),

        function(N2(_,_), [
			   1, 0, 1, 0, 1,
			   1, 0, 1, 0, 1,
			   0, 0, 0, 0, 0,
			   1, 0, 1, 0, 1,
			   1, 0, 1, 0, 1 ]),

        function(On(_,_), [
			   1, 0, 0, 0, 1,
			   0, 0, 0, 0, 0,
			   0, 0, 0, 0, 0,
			   0, 1, 0, 1, 0,
			   0, 0, 0, 0, 0 ]),

        function(Xor(_,_), [
			   0, 1, 0, 0, 0,
			   1, 0, 0, 0, 0,
			   0, 0, 0, 0, 0,
			   0, 0, 0, 0, 0,
			   0, 0, 0, 0, 0 ])
]).

============================== end of model ==========================

============================== MODEL =================================

interpretation( 5, [number=5, seconds=0], [

        function(c1, [ 0 ]),

        function(c2, [ 0 ]),

        function(And(_,_), [
			   0, 0, 0, 0, 0,
			   0, 1, 0, 0, 0,
			   0, 0, 0, 0, 0,
			   0, 0, 0, 0, 0,
			   0, 0, 0, 0, 0 ]),

        function(DotProduct1(_,_), [
			   0, 0, 0, 0, 0,
			   0, 0, 0, 0, 0,
			   0, 0, 0, 0, 0,
			   0, 0, 0, 0, 0,
			   0, 0, 0, 0, 0 ]),

        function(DotProduct2(_,_), [
			   1, 1, 1, 1, 0,
			   0, 0, 0, 0, 0,
			   0, 0, 0, 0, 0,
			   0, 0, 0, 0, 0,
			   0, 0, 0, 0, 0 ]),

        function(N1(_,_), [
			   0, 1, 1, 1, 0,
			   1, 0, 1, 0, 1,
			   1, 1, 0, 1, 1,
			   1, 0, 1, 0, 1,
			   0, 1, 1, 1, 0 ]),

        function(N2(_,_), [
			   1, 0, 1, 0, 1,
			   1, 0, 1, 0, 1,
			   0, 0, 0, 0, 0,
			   1, 0, 1, 0, 1,
			   1, 0, 1, 0, 1 ]),

        function(On(_,_), [
			   1, 0, 0, 0, 1,
			   0, 0, 0, 0, 0,
			   0, 0, 1, 0, 0,
			   0, 0, 0, 0, 0,
			   0, 0, 0, 0, 0 ]),

        function(Xor(_,_), [
			   0, 1, 0, 0, 0,
			   1, 0, 0, 0, 0,
			   0, 0, 0, 0, 0,
			   0, 0, 0, 0, 0,
			   0, 0, 0, 0, 0 ])
]).

============================== end of model ==========================

============================== MODEL =================================

interpretation( 5, [number=6, seconds=0], [

        function(c1, [ 0 ]),

        function(c2, [ 0 ]),

        function(And(_,_), [
			   0, 0, 0, 0, 0,
			   0, 1, 0, 0, 0,
			   0, 0, 0, 0, 0,
			   0, 0, 0, 0, 0,
			   0, 0, 0, 0, 0 ]),

        function(DotProduct1(_,_), [
			   0, 0, 0, 0, 0,
			   0, 0, 0, 0, 0,
			   0, 0, 0, 0, 0,
			   0, 0, 0, 0, 0,
			   0, 0, 0, 0, 0 ]),

        function(DotProduct2(_,_), [
			   1, 1, 1, 1, 0,
			   0, 0, 0, 0, 0,
			   0, 0, 0, 0, 0,
			   0, 0, 0, 0, 0,
			   0, 0, 0, 0, 0 ]),

        function(N1(_,_), [
			   0, 1, 1, 1, 0,
			   1, 0, 1, 0, 1,
			   1, 1, 0, 1, 1,
			   1, 0, 1, 0, 1,
			   0, 1, 1, 1, 0 ]),

        function(N2(_,_), [
			   1, 0, 1, 0, 1,
			   1, 0, 1, 0, 1,
			   0, 0, 0, 0, 0,
			   1, 0, 1, 0, 1,
			   1, 0, 1, 0, 1 ]),

        function(On(_,_), [
			   1, 0, 0, 0, 1,
			   0, 0, 0, 0, 0,
			   0, 0, 1, 0, 0,
			   0, 0, 0, 1, 0,
			   0, 0, 0, 0, 0 ]),

        function(Xor(_,_), [
			   0, 1, 0, 0, 0,
			   1, 0, 0, 0, 0,
			   0, 0, 0, 0, 0,
			   0, 0, 0, 0, 0,
			   0, 0, 0, 0, 0 ])
]).

============================== end of model ==========================

============================== MODEL =================================

interpretation( 5, [number=7, seconds=0], [

        function(c1, [ 0 ]),

        function(c2, [ 0 ]),

        function(And(_,_), [
			   0, 0, 0, 0, 0,
			   0, 1, 0, 0, 0,
			   0, 0, 0, 0, 0,
			   0, 0, 0, 0, 0,
			   0, 0, 0, 0, 0 ]),

        function(DotProduct1(_,_), [
			   0, 0, 0, 0, 0,
			   0, 0, 0, 0, 0,
			   0, 0, 0, 0, 0,
			   0, 0, 0, 0, 0,
			   0, 0, 0, 0, 0 ]),

        function(DotProduct2(_,_), [
			   1, 1, 1, 1, 0,
			   0, 0, 0, 0, 0,
			   0, 0, 0, 0, 0,
			   0, 0, 0, 0, 0,
			   0, 0, 0, 0, 0 ]),

        function(N1(_,_), [
			   0, 1, 1, 1, 0,
			   1, 0, 1, 0, 1,
			   1, 1, 0, 1, 1,
			   1, 0, 1, 0, 1,
			   0, 1, 1, 1, 0 ]),

        function(N2(_,_), [
			   1, 0, 1, 0, 1,
			   1, 0, 1, 0, 1,
			   0, 0, 0, 0, 0,
			   1, 0, 1, 0, 1,
			   1, 0, 1, 0, 1 ]),

        function(On(_,_), [
			   1, 0, 0, 0, 1,
			   0, 0, 0, 0, 0,
			   0, 0, 1, 0, 0,
			   0, 1, 0, 0, 0,
			   0, 0, 0, 0, 0 ]),

        function(Xor(_,_), [
			   0, 1, 0, 0, 0,
			   1, 0, 0, 0, 0,
			   0, 0, 0, 0, 0,
			   0, 0, 0, 0, 0,
			   0, 0, 0, 0, 0 ])
]).

============================== end of model ==========================

============================== MODEL =================================

interpretation( 5, [number=8, seconds=0], [

        function(c1, [ 0 ]),

        function(c2, [ 0 ]),

        function(And(_,_), [
			   0, 0, 0, 0, 0,
			   0, 1, 0, 0, 0,
			   0, 0, 0, 0, 0,
			   0, 0, 0, 0, 0,
			   0, 0, 0, 0, 0 ]),

        function(DotProduct1(_,_), [
			   0, 0, 0, 0, 0,
			   0, 0, 0, 0, 0,
			   0, 0, 0, 0, 0,
			   0, 0, 0, 0, 0,
			   0, 0, 0, 0, 0 ]),

        function(DotProduct2(_,_), [
			   1, 1, 1, 1, 0,
			   0, 0, 0, 0, 0,
			   0, 0, 0, 0, 0,
			   0, 0, 0, 0, 0,
			   0, 0, 0, 0, 0 ]),

        function(N1(_,_), [
			   0, 1, 1, 1, 0,
			   1, 0, 1, 0, 1,
			   1, 1, 0, 1, 1,
			   1, 0, 1, 0, 1,
			   0, 1, 1, 1, 0 ]),

        function(N2(_,_), [
			   1, 0, 1, 0, 1,
			   1, 0, 1, 0, 1,
			   0, 0, 0, 0, 0,
			   1, 0, 1, 0, 1,
			   1, 0, 1, 0, 1 ]),

        function(On(_,_), [
			   1, 0, 0, 0, 1,
			   0, 0, 0, 0, 0,
			   0, 0, 1, 0, 0,
			   0, 1, 0, 1, 0,
			   0, 0, 0, 0, 0 ]),

        function(Xor(_,_), [
			   0, 1, 0, 0, 0,
			   1, 0, 0, 0, 0,
			   0, 0, 0, 0, 0,
			   0, 0, 0, 0, 0,
			   0, 0, 0, 0, 0 ])
]).

============================== end of model ==========================

============================== MODEL =================================

interpretation( 5, [number=9, seconds=0], [

        function(c1, [ 0 ]),

        function(c2, [ 0 ]),

        function(And(_,_), [
			   0, 0, 0, 0, 0,
			   0, 1, 0, 0, 0,
			   0, 0, 0, 0, 0,
			   0, 0, 0, 0, 0,
			   0, 0, 0, 0, 0 ]),

        function(DotProduct1(_,_), [
			   0, 0, 0, 0, 0,
			   0, 0, 0, 0, 0,
			   0, 0, 0, 0, 0,
			   0, 0, 0, 0, 0,
			   0, 0, 0, 0, 0 ]),

        function(DotProduct2(_,_), [
			   1, 1, 1, 1, 0,
			   0, 0, 0, 0, 0,
			   0, 0, 0, 0, 0,
			   0, 0, 0, 0, 0,
			   0, 0, 0, 0, 0 ]),

        function(N1(_,_), [
			   0, 1, 1, 1, 0,
			   1, 0, 1, 0, 1,
			   1, 1, 0, 1, 1,
			   1, 0, 1, 0, 1,
			   0, 1, 1, 1, 0 ]),

        function(N2(_,_), [
			   1, 0, 1, 0, 1,
			   1, 0, 1, 0, 1,
			   0, 0, 0, 0, 0,
			   1, 0, 1, 0, 1,
			   1, 0, 1, 0, 1 ]),

        function(On(_,_), [
			   1, 0, 0, 0, 1,
			   0, 0, 0, 1, 0,
			   0, 0, 0, 0, 0,
			   0, 0, 0, 0, 0,
			   0, 0, 0, 0, 0 ]),

        function(Xor(_,_), [
			   0, 1, 0, 0, 0,
			   1, 0, 0, 0, 0,
			   0, 0, 0, 0, 0,
			   0, 0, 0, 0, 0,
			   0, 0, 0, 0, 0 ])
]).

============================== end of model ==========================

============================== MODEL =================================

interpretation( 5, [number=10, seconds=0], [

        function(c1, [ 0 ]),

        function(c2, [ 0 ]),

        function(And(_,_), [
			   0, 0, 0, 0, 0,
			   0, 1, 0, 0, 0,
			   0, 0, 0, 0, 0,
			   0, 0, 0, 0, 0,
			   0, 0, 0, 0, 0 ]),

        function(DotProduct1(_,_), [
			   0, 0, 0, 0, 0,
			   0, 0, 0, 0, 0,
			   0, 0, 0, 0, 0,
			   0, 0, 0, 0, 0,
			   0, 0, 0, 0, 0 ]),

        function(DotProduct2(_,_), [
			   1, 1, 1, 1, 0,
			   0, 0, 0, 0, 0,
			   0, 0, 0, 0, 0,
			   0, 0, 0, 0, 0,
			   0, 0, 0, 0, 0 ]),

        function(N1(_,_), [
			   0, 1, 1, 1, 0,
			   1, 0, 1, 0, 1,
			   1, 1, 0, 1, 1,
			   1, 0, 1, 0, 1,
			   0, 1, 1, 1, 0 ]),

        function(N2(_,_), [
			   1, 0, 1, 0, 1,
			   1, 0, 1, 0, 1,
			   0, 0, 0, 0, 0,
			   1, 0, 1, 0, 1,
			   1, 0, 1, 0, 1 ]),

        function(On(_,_), [
			   1, 0, 0, 0, 1,
			   0, 0, 0, 1, 0,
			   0, 0, 0, 0, 0,
			   0, 0, 0, 1, 0,
			   0, 0, 0, 0, 0 ]),

        function(Xor(_,_), [
			   0, 1, 0, 0, 0,
			   1, 0, 0, 0, 0,
			   0, 0, 0, 0, 0,
			   0, 0, 0, 0, 0,
			   0, 0, 0, 0, 0 ])
]).

============================== end of model ==========================

============================== STATISTICS ============================

For domain size 5.

Current CPU time: 0.00 seconds (total CPU time: 0.07 seconds).
Ground clauses: seen=37903, kept=6280.
Selections=109, assignments=139, propagations=75, current_models=10.
Rewrite_terms=45517, rewrite_bools=7819, indexes=4609.
Rules_from_neg_clauses=1, cross_offs=69.

============================== end of statistics =====================

User_CPU=0.07, System_CPU=0.01, Wall_clock=0.

Exiting with 10 models.

Process 96043 exit (max_models) Sun Nov 21 15:59:31 2021
The process finished Sun Nov 21 15:59:31 2021
