============================== Mace4 =================================
Mace4 (64) version 2017-11A (CIIRC), November 2017.
Process 6402 was started by bea on ubuntu,
Mon Nov 22 16:13:55 2021
The command was "mace4 -m -1 -f allout_many_states_solver.in".
============================== end of head ===========================

============================== INPUT =================================

% Reading from file allout_many_states_solver.in

set(arithmetic).
    % set(arithmetic) -> clear(lnh).
    % set(arithmetic) -> assign(selection_order, 0).

    % Declaring Mace4 arithmetic parse types.
assign(domain_size,7).
    % assign(domain_size, 7) -> assign(start_size, 7).
    % assign(domain_size, 7) -> assign(end_size, 7).
assign(max_models,-1).

formulas(usable).
ds = domain_size + -1.
noStates = 3.
end_of_list.

formulas(assumptions).
x = 0 | x = ds | y = 0 | y = ds -> b(x,y) = 0 & c(x,y) = 0.
c(x,y) < noStates.
x > 0 & x < ds & y > 0 & y < ds & xp = x + -1 & yp = y + -1 & xs = x + 1 & ys = y + 1 -> (b(x,y) + c(x,y) + c(xp,y) + c(x,yp) + c(xs,y) + c(x,ys)) mod noStates = 0.
end_of_list.

formulas(sample).
b(1,1) = 0.
b(1,2) = 1.
b(1,3) = 1.
b(1,4) = 0.
b(1,5) = 2.
b(2,1) = 1.
b(2,2) = 1.
b(2,3) = 1.
b(2,4) = 0.
b(2,5) = 2.
b(3,1) = 0.
b(3,2) = 0.
b(3,3) = 0.
b(3,4) = 1.
b(3,5) = 2.
b(4,1) = 2.
b(4,2) = 2.
b(4,3) = 1.
b(4,4) = 2.
b(4,5) = 0.
b(5,1) = 0.
b(5,2) = 0.
b(5,3) = 2.
b(5,4) = 1.
b(5,5) = 2.
end_of_list.

formulas(goals).
end_of_list.

% From the command line: assign(max_models, -1).

============================== end of input ==========================

============================== PROCESS NON-CLAUSAL FORMULAS ==========

% Formulas that are not ordinary clauses:
1 x = 0 | x = ds | y = 0 | y = ds -> b(x,y) = 0 & c(x,y) = 0 # label(non_clause).  [assumption].
2 x > 0 & x < ds & y > 0 & y < ds & xp = x + -1 & yp = y + -1 & xs = x + 1 & ys = y + 1 -> (b(x,y) + c(x,y) + c(xp,y) + c(x,yp) + c(xs,y) + c(x,ys)) mod noStates = 0 # label(non_clause).  [assumption].

============================== end of process non-clausal formulas ===

============================== CLAUSES FOR SEARCH ====================

formulas(mace4_clauses).
ds = domain_size + -1.
noStates = 3.
0 != x | b(x,y) = 0.
0 != x | c(x,y) = 0.
x != ds | b(x,y) = 0.
x != ds | c(x,y) = 0.
x != 0 | b(y,x) = 0.
x != 0 | c(y,x) = 0.
x != ds | b(y,x) = 0.
x != ds | c(y,x) = 0.
c(x,y) < noStates.
-(x > 0) | -(x < ds) | -(y > 0) | -(y < ds) | x + -1 != z | y + -1 != u | x + 1 != w | y + 1 != v5 | (b(x,y) + c(x,y) + c(z,y) + c(x,u) + c(w,y) + c(x,v5)) mod noStates = 0.
b(1,1) = 0.
b(1,2) = 1.
b(1,3) = 1.
b(1,4) = 0.
b(1,5) = 2.
b(2,1) = 1.
b(2,2) = 1.
b(2,3) = 1.
b(2,4) = 0.
b(2,5) = 2.
b(3,1) = 0.
b(3,2) = 0.
b(3,3) = 0.
b(3,4) = 1.
b(3,5) = 2.
b(4,1) = 2.
b(4,2) = 2.
b(4,3) = 1.
b(4,4) = 2.
b(4,5) = 0.
b(5,1) = 0.
b(5,2) = 0.
b(5,3) = 2.
b(5,4) = 1.
b(5,5) = 2.
end_of_list.

============================== end of clauses for search =============

% The largest natural number in the input is 5.

============================== DOMAIN SIZE 7 =========================

============================== MODEL =================================

interpretation( 7, [number=1, seconds=0], [

        function(ds, [ 6 ]),

        function(noStates, [ 3 ]),

        function(b(_,_), [
			   0, 0, 0, 0, 0, 0, 0,
			   0, 0, 1, 1, 0, 2, 0,
			   0, 1, 1, 1, 0, 2, 0,
			   0, 0, 0, 0, 1, 2, 0,
			   0, 2, 2, 1, 2, 0, 0,
			   0, 0, 0, 2, 1, 2, 0,
			   0, 0, 0, 0, 0, 0, 0 ]),

        function(c(_,_), [
			   0, 0, 0, 0, 0, 0, 0,
			   0, 0, 0, 0, 0, 2, 0,
			   0, 0, 2, 2, 1, 2, 0,
			   0, 0, 1, 0, 1, 2, 0,
			   0, 2, 0, 2, 1, 2, 0,
			   0, 2, 2, 2, 1, 1, 0,
			   0, 0, 0, 0, 0, 0, 0 ])
]).

============================== end of model ==========================

============================== MODEL =================================

interpretation( 7, [number=2, seconds=0], [

        function(ds, [ 6 ]),

        function(noStates, [ 3 ]),

        function(b(_,_), [
			   0, 0, 0, 0, 0, 0, 0,
			   0, 0, 1, 1, 0, 2, 0,
			   0, 1, 1, 1, 0, 2, 0,
			   0, 0, 0, 0, 1, 2, 0,
			   0, 2, 2, 1, 2, 0, 0,
			   0, 0, 0, 2, 1, 2, 0,
			   0, 0, 0, 0, 0, 0, 0 ]),

        function(c(_,_), [
			   0, 0, 0, 0, 0, 0, 0,
			   0, 0, 0, 1, 0, 0, 0,
			   0, 0, 1, 1, 2, 1, 0,
			   0, 1, 0, 0, 2, 1, 0,
			   0, 2, 1, 0, 0, 0, 0,
			   0, 0, 1, 1, 2, 2, 0,
			   0, 0, 0, 0, 0, 0, 0 ])
]).

============================== end of model ==========================

============================== MODEL =================================

interpretation( 7, [number=3, seconds=0], [

        function(ds, [ 6 ]),

        function(noStates, [ 3 ]),

        function(b(_,_), [
			   0, 0, 0, 0, 0, 0, 0,
			   0, 0, 1, 1, 0, 2, 0,
			   0, 1, 1, 1, 0, 2, 0,
			   0, 0, 0, 0, 1, 2, 0,
			   0, 2, 2, 1, 2, 0, 0,
			   0, 0, 0, 2, 1, 2, 0,
			   0, 0, 0, 0, 0, 0, 0 ]),

        function(c(_,_), [
			   0, 0, 0, 0, 0, 0, 0,
			   0, 0, 0, 2, 0, 1, 0,
			   0, 0, 0, 0, 0, 0, 0,
			   0, 2, 2, 0, 0, 0, 0,
			   0, 2, 2, 1, 2, 1, 0,
			   0, 1, 0, 0, 0, 0, 0,
			   0, 0, 0, 0, 0, 0, 0 ])
]).

============================== end of model ==========================

============================== MODEL =================================

interpretation( 7, [number=4, seconds=0], [

        function(ds, [ 6 ]),

        function(noStates, [ 3 ]),

        function(b(_,_), [
			   0, 0, 0, 0, 0, 0, 0,
			   0, 0, 1, 1, 0, 2, 0,
			   0, 1, 1, 1, 0, 2, 0,
			   0, 0, 0, 0, 1, 2, 0,
			   0, 2, 2, 1, 2, 0, 0,
			   0, 0, 0, 2, 1, 2, 0,
			   0, 0, 0, 0, 0, 0, 0 ]),

        function(c(_,_), [
			   0, 0, 0, 0, 0, 0, 0,
			   0, 0, 1, 0, 2, 2, 0,
			   0, 2, 1, 2, 2, 0, 0,
			   0, 2, 2, 0, 0, 0, 0,
			   0, 0, 1, 2, 0, 1, 0,
			   0, 1, 2, 2, 1, 2, 0,
			   0, 0, 0, 0, 0, 0, 0 ])
]).

============================== end of model ==========================

============================== MODEL =================================

interpretation( 7, [number=5, seconds=0], [

        function(ds, [ 6 ]),

        function(noStates, [ 3 ]),

        function(b(_,_), [
			   0, 0, 0, 0, 0, 0, 0,
			   0, 0, 1, 1, 0, 2, 0,
			   0, 1, 1, 1, 0, 2, 0,
			   0, 0, 0, 0, 1, 2, 0,
			   0, 2, 2, 1, 2, 0, 0,
			   0, 0, 0, 2, 1, 2, 0,
			   0, 0, 0, 0, 0, 0, 0 ]),

        function(c(_,_), [
			   0, 0, 0, 0, 0, 0, 0,
			   0, 0, 1, 1, 2, 0, 0,
			   0, 2, 0, 1, 0, 2, 0,
			   0, 0, 1, 0, 1, 2, 0,
			   0, 0, 2, 0, 2, 2, 0,
			   0, 2, 1, 1, 2, 0, 0,
			   0, 0, 0, 0, 0, 0, 0 ])
]).

============================== end of model ==========================

============================== MODEL =================================

interpretation( 7, [number=6, seconds=0], [

        function(ds, [ 6 ]),

        function(noStates, [ 3 ]),

        function(b(_,_), [
			   0, 0, 0, 0, 0, 0, 0,
			   0, 0, 1, 1, 0, 2, 0,
			   0, 1, 1, 1, 0, 2, 0,
			   0, 0, 0, 0, 1, 2, 0,
			   0, 2, 2, 1, 2, 0, 0,
			   0, 0, 0, 2, 1, 2, 0,
			   0, 0, 0, 0, 0, 0, 0 ]),

        function(c(_,_), [
			   0, 0, 0, 0, 0, 0, 0,
			   0, 0, 1, 2, 2, 1, 0,
			   0, 2, 2, 0, 1, 1, 0,
			   0, 1, 0, 0, 2, 1, 0,
			   0, 0, 0, 1, 1, 0, 0,
			   0, 0, 0, 0, 0, 1, 0,
			   0, 0, 0, 0, 0, 0, 0 ])
]).

============================== end of model ==========================

============================== MODEL =================================

interpretation( 7, [number=7, seconds=0], [

        function(ds, [ 6 ]),

        function(noStates, [ 3 ]),

        function(b(_,_), [
			   0, 0, 0, 0, 0, 0, 0,
			   0, 0, 1, 1, 0, 2, 0,
			   0, 1, 1, 1, 0, 2, 0,
			   0, 0, 0, 0, 1, 2, 0,
			   0, 2, 2, 1, 2, 0, 0,
			   0, 0, 0, 2, 1, 2, 0,
			   0, 0, 0, 0, 0, 0, 0 ]),

        function(c(_,_), [
			   0, 0, 0, 0, 0, 0, 0,
			   0, 0, 2, 0, 1, 2, 0,
			   0, 1, 0, 2, 0, 1, 0,
			   0, 1, 0, 0, 2, 1, 0,
			   0, 1, 2, 2, 2, 0, 0,
			   0, 0, 2, 2, 1, 0, 0,
			   0, 0, 0, 0, 0, 0, 0 ])
]).

============================== end of model ==========================

============================== MODEL =================================

interpretation( 7, [number=8, seconds=0], [

        function(ds, [ 6 ]),

        function(noStates, [ 3 ]),

        function(b(_,_), [
			   0, 0, 0, 0, 0, 0, 0,
			   0, 0, 1, 1, 0, 2, 0,
			   0, 1, 1, 1, 0, 2, 0,
			   0, 0, 0, 0, 1, 2, 0,
			   0, 2, 2, 1, 2, 0, 0,
			   0, 0, 0, 2, 1, 2, 0,
			   0, 0, 0, 0, 0, 0, 0 ]),

        function(c(_,_), [
			   0, 0, 0, 0, 0, 0, 0,
			   0, 0, 2, 1, 1, 0, 0,
			   0, 1, 2, 1, 1, 0, 0,
			   0, 2, 2, 0, 0, 0, 0,
			   0, 1, 0, 0, 1, 1, 0,
			   0, 1, 1, 1, 2, 1, 0,
			   0, 0, 0, 0, 0, 0, 0 ])
]).

============================== end of model ==========================

============================== MODEL =================================

interpretation( 7, [number=9, seconds=0], [

        function(ds, [ 6 ]),

        function(noStates, [ 3 ]),

        function(b(_,_), [
			   0, 0, 0, 0, 0, 0, 0,
			   0, 0, 1, 1, 0, 2, 0,
			   0, 1, 1, 1, 0, 2, 0,
			   0, 0, 0, 0, 1, 2, 0,
			   0, 2, 2, 1, 2, 0, 0,
			   0, 0, 0, 2, 1, 2, 0,
			   0, 0, 0, 0, 0, 0, 0 ]),

        function(c(_,_), [
			   0, 0, 0, 0, 0, 0, 0,
			   0, 0, 2, 2, 1, 1, 0,
			   0, 1, 1, 0, 2, 2, 0,
			   0, 0, 1, 0, 1, 2, 0,
			   0, 1, 1, 1, 0, 2, 0,
			   0, 2, 0, 0, 0, 2, 0,
			   0, 0, 0, 0, 0, 0, 0 ])
]).

============================== end of model ==========================

============================== MODEL =================================

interpretation( 7, [number=10, seconds=0], [

        function(ds, [ 6 ]),

        function(noStates, [ 3 ]),

        function(b(_,_), [
			   0, 0, 0, 0, 0, 0, 0,
			   0, 0, 1, 1, 0, 2, 0,
			   0, 1, 1, 1, 0, 2, 0,
			   0, 0, 0, 0, 1, 2, 0,
			   0, 2, 2, 1, 2, 0, 0,
			   0, 0, 0, 2, 1, 2, 0,
			   0, 0, 0, 0, 0, 0, 0 ]),

        function(c(_,_), [
			   0, 0, 0, 0, 0, 0, 0,
			   0, 1, 0, 0, 0, 1, 0,
			   0, 2, 1, 2, 2, 0, 0,
			   0, 1, 0, 0, 2, 1, 0,
			   0, 0, 1, 2, 0, 1, 0,
			   0, 2, 1, 2, 2, 1, 0,
			   0, 0, 0, 0, 0, 0, 0 ])
]).

============================== end of model ==========================

============================== MODEL =================================

interpretation( 7, [number=11, seconds=0], [

        function(ds, [ 6 ]),

        function(noStates, [ 3 ]),

        function(b(_,_), [
			   0, 0, 0, 0, 0, 0, 0,
			   0, 0, 1, 1, 0, 2, 0,
			   0, 1, 1, 1, 0, 2, 0,
			   0, 0, 0, 0, 1, 2, 0,
			   0, 2, 2, 1, 2, 0, 0,
			   0, 0, 0, 2, 1, 2, 0,
			   0, 0, 0, 0, 0, 0, 0 ]),

        function(c(_,_), [
			   0, 0, 0, 0, 0, 0, 0,
			   0, 1, 0, 1, 0, 2, 0,
			   0, 2, 0, 1, 0, 2, 0,
			   0, 2, 2, 0, 0, 0, 0,
			   0, 0, 2, 0, 2, 2, 0,
			   0, 0, 0, 1, 0, 2, 0,
			   0, 0, 0, 0, 0, 0, 0 ])
]).

============================== end of model ==========================

============================== MODEL =================================

interpretation( 7, [number=12, seconds=0], [

        function(ds, [ 6 ]),

        function(noStates, [ 3 ]),

        function(b(_,_), [
			   0, 0, 0, 0, 0, 0, 0,
			   0, 0, 1, 1, 0, 2, 0,
			   0, 1, 1, 1, 0, 2, 0,
			   0, 0, 0, 0, 1, 2, 0,
			   0, 2, 2, 1, 2, 0, 0,
			   0, 0, 0, 2, 1, 2, 0,
			   0, 0, 0, 0, 0, 0, 0 ]),

        function(c(_,_), [
			   0, 0, 0, 0, 0, 0, 0,
			   0, 1, 0, 2, 0, 0, 0,
			   0, 2, 2, 0, 1, 1, 0,
			   0, 0, 1, 0, 1, 2, 0,
			   0, 0, 0, 1, 1, 0, 0,
			   0, 1, 2, 0, 1, 0, 0,
			   0, 0, 0, 0, 0, 0, 0 ])
]).

============================== end of model ==========================

============================== MODEL =================================

interpretation( 7, [number=13, seconds=0], [

        function(ds, [ 6 ]),

        function(noStates, [ 3 ]),

        function(b(_,_), [
			   0, 0, 0, 0, 0, 0, 0,
			   0, 0, 1, 1, 0, 2, 0,
			   0, 1, 1, 1, 0, 2, 0,
			   0, 0, 0, 0, 1, 2, 0,
			   0, 2, 2, 1, 2, 0, 0,
			   0, 0, 0, 2, 1, 2, 0,
			   0, 0, 0, 0, 0, 0, 0 ]),

        function(c(_,_), [
			   0, 0, 0, 0, 0, 0, 0,
			   0, 1, 1, 0, 2, 1, 0,
			   0, 1, 0, 2, 0, 1, 0,
			   0, 0, 1, 0, 1, 2, 0,
			   0, 1, 2, 2, 2, 0, 0,
			   0, 1, 1, 2, 2, 2, 0,
			   0, 0, 0, 0, 0, 0, 0 ])
]).

============================== end of model ==========================

============================== MODEL =================================

interpretation( 7, [number=14, seconds=0], [

        function(ds, [ 6 ]),

        function(noStates, [ 3 ]),

        function(b(_,_), [
			   0, 0, 0, 0, 0, 0, 0,
			   0, 0, 1, 1, 0, 2, 0,
			   0, 1, 1, 1, 0, 2, 0,
			   0, 0, 0, 0, 1, 2, 0,
			   0, 2, 2, 1, 2, 0, 0,
			   0, 0, 0, 2, 1, 2, 0,
			   0, 0, 0, 0, 0, 0, 0 ]),

        function(c(_,_), [
			   0, 0, 0, 0, 0, 0, 0,
			   0, 1, 1, 1, 2, 2, 0,
			   0, 1, 2, 1, 1, 0, 0,
			   0, 1, 0, 0, 2, 1, 0,
			   0, 1, 0, 0, 1, 1, 0,
			   0, 2, 0, 1, 0, 0, 0,
			   0, 0, 0, 0, 0, 0, 0 ])
]).

============================== end of model ==========================

============================== MODEL =================================

interpretation( 7, [number=15, seconds=0], [

        function(ds, [ 6 ]),

        function(noStates, [ 3 ]),

        function(b(_,_), [
			   0, 0, 0, 0, 0, 0, 0,
			   0, 0, 1, 1, 0, 2, 0,
			   0, 1, 1, 1, 0, 2, 0,
			   0, 0, 0, 0, 1, 2, 0,
			   0, 2, 2, 1, 2, 0, 0,
			   0, 0, 0, 2, 1, 2, 0,
			   0, 0, 0, 0, 0, 0, 0 ]),

        function(c(_,_), [
			   0, 0, 0, 0, 0, 0, 0,
			   0, 1, 1, 2, 2, 0, 0,
			   0, 1, 1, 0, 2, 2, 0,
			   0, 2, 2, 0, 0, 0, 0,
			   0, 1, 1, 1, 0, 2, 0,
			   0, 0, 2, 0, 1, 1, 0,
			   0, 0, 0, 0, 0, 0, 0 ])
]).

============================== end of model ==========================

============================== MODEL =================================

interpretation( 7, [number=16, seconds=0], [

        function(ds, [ 6 ]),

        function(noStates, [ 3 ]),

        function(b(_,_), [
			   0, 0, 0, 0, 0, 0, 0,
			   0, 0, 1, 1, 0, 2, 0,
			   0, 1, 1, 1, 0, 2, 0,
			   0, 0, 0, 0, 1, 2, 0,
			   0, 2, 2, 1, 2, 0, 0,
			   0, 0, 0, 2, 1, 2, 0,
			   0, 0, 0, 0, 0, 0, 0 ]),

        function(c(_,_), [
			   0, 0, 0, 0, 0, 0, 0,
			   0, 1, 2, 0, 1, 1, 0,
			   0, 0, 2, 2, 1, 2, 0,
			   0, 2, 2, 0, 0, 0, 0,
			   0, 2, 0, 2, 1, 2, 0,
			   0, 0, 1, 2, 2, 0, 0,
			   0, 0, 0, 0, 0, 0, 0 ])
]).

============================== end of model ==========================

============================== MODEL =================================

interpretation( 7, [number=17, seconds=0], [

        function(ds, [ 6 ]),

        function(noStates, [ 3 ]),

        function(b(_,_), [
			   0, 0, 0, 0, 0, 0, 0,
			   0, 0, 1, 1, 0, 2, 0,
			   0, 1, 1, 1, 0, 2, 0,
			   0, 0, 0, 0, 1, 2, 0,
			   0, 2, 2, 1, 2, 0, 0,
			   0, 0, 0, 2, 1, 2, 0,
			   0, 0, 0, 0, 0, 0, 0 ]),

        function(c(_,_), [
			   0, 0, 0, 0, 0, 0, 0,
			   0, 1, 2, 1, 1, 2, 0,
			   0, 0, 1, 1, 2, 1, 0,
			   0, 0, 1, 0, 1, 2, 0,
			   0, 2, 1, 0, 0, 0, 0,
			   0, 1, 0, 1, 0, 1, 0,
			   0, 0, 0, 0, 0, 0, 0 ])
]).

============================== end of model ==========================

============================== MODEL =================================

interpretation( 7, [number=18, seconds=0], [

        function(ds, [ 6 ]),

        function(noStates, [ 3 ]),

        function(b(_,_), [
			   0, 0, 0, 0, 0, 0, 0,
			   0, 0, 1, 1, 0, 2, 0,
			   0, 1, 1, 1, 0, 2, 0,
			   0, 0, 0, 0, 1, 2, 0,
			   0, 2, 2, 1, 2, 0, 0,
			   0, 0, 0, 2, 1, 2, 0,
			   0, 0, 0, 0, 0, 0, 0 ]),

        function(c(_,_), [
			   0, 0, 0, 0, 0, 0, 0,
			   0, 1, 2, 2, 1, 0, 0,
			   0, 0, 0, 0, 0, 0, 0,
			   0, 1, 0, 0, 2, 1, 0,
			   0, 2, 2, 1, 2, 1, 0,
			   0, 2, 2, 0, 1, 2, 0,
			   0, 0, 0, 0, 0, 0, 0 ])
]).

============================== end of model ==========================

============================== MODEL =================================

interpretation( 7, [number=19, seconds=0], [

        function(ds, [ 6 ]),

        function(noStates, [ 3 ]),

        function(b(_,_), [
			   0, 0, 0, 0, 0, 0, 0,
			   0, 0, 1, 1, 0, 2, 0,
			   0, 1, 1, 1, 0, 2, 0,
			   0, 0, 0, 0, 1, 2, 0,
			   0, 2, 2, 1, 2, 0, 0,
			   0, 0, 0, 2, 1, 2, 0,
			   0, 0, 0, 0, 0, 0, 0 ]),

        function(c(_,_), [
			   0, 0, 0, 0, 0, 0, 0,
			   0, 2, 0, 0, 0, 0, 0,
			   0, 1, 0, 2, 0, 1, 0,
			   0, 2, 2, 0, 0, 0, 0,
			   0, 1, 2, 2, 2, 0, 0,
			   0, 2, 0, 2, 0, 1, 0,
			   0, 0, 0, 0, 0, 0, 0 ])
]).

============================== end of model ==========================

============================== MODEL =================================

interpretation( 7, [number=20, seconds=0], [

        function(ds, [ 6 ]),

        function(noStates, [ 3 ]),

        function(b(_,_), [
			   0, 0, 0, 0, 0, 0, 0,
			   0, 0, 1, 1, 0, 2, 0,
			   0, 1, 1, 1, 0, 2, 0,
			   0, 0, 0, 0, 1, 2, 0,
			   0, 2, 2, 1, 2, 0, 0,
			   0, 0, 0, 2, 1, 2, 0,
			   0, 0, 0, 0, 0, 0, 0 ]),

        function(c(_,_), [
			   0, 0, 0, 0, 0, 0, 0,
			   0, 2, 0, 1, 0, 1, 0,
			   0, 1, 2, 1, 1, 0, 0,
			   0, 0, 1, 0, 1, 2, 0,
			   0, 1, 0, 0, 1, 1, 0,
			   0, 0, 2, 1, 1, 2, 0,
			   0, 0, 0, 0, 0, 0, 0 ])
]).

============================== end of model ==========================

============================== MODEL =================================

interpretation( 7, [number=21, seconds=0], [

        function(ds, [ 6 ]),

        function(noStates, [ 3 ]),

        function(b(_,_), [
			   0, 0, 0, 0, 0, 0, 0,
			   0, 0, 1, 1, 0, 2, 0,
			   0, 1, 1, 1, 0, 2, 0,
			   0, 0, 0, 0, 1, 2, 0,
			   0, 2, 2, 1, 2, 0, 0,
			   0, 0, 0, 2, 1, 2, 0,
			   0, 0, 0, 0, 0, 0, 0 ]),

        function(c(_,_), [
			   0, 0, 0, 0, 0, 0, 0,
			   0, 2, 0, 2, 0, 2, 0,
			   0, 1, 1, 0, 2, 2, 0,
			   0, 1, 0, 0, 2, 1, 0,
			   0, 1, 1, 1, 0, 2, 0,
			   0, 1, 1, 0, 2, 0, 0,
			   0, 0, 0, 0, 0, 0, 0 ])
]).

============================== end of model ==========================

============================== MODEL =================================

interpretation( 7, [number=22, seconds=0], [

        function(ds, [ 6 ]),

        function(noStates, [ 3 ]),

        function(b(_,_), [
			   0, 0, 0, 0, 0, 0, 0,
			   0, 0, 1, 1, 0, 2, 0,
			   0, 1, 1, 1, 0, 2, 0,
			   0, 0, 0, 0, 1, 2, 0,
			   0, 2, 2, 1, 2, 0, 0,
			   0, 0, 0, 2, 1, 2, 0,
			   0, 0, 0, 0, 0, 0, 0 ]),

        function(c(_,_), [
			   0, 0, 0, 0, 0, 0, 0,
			   0, 2, 1, 0, 2, 0, 0,
			   0, 0, 2, 2, 1, 2, 0,
			   0, 1, 0, 0, 2, 1, 0,
			   0, 2, 0, 2, 1, 2, 0,
			   0, 1, 0, 2, 0, 2, 0,
			   0, 0, 0, 0, 0, 0, 0 ])
]).

============================== end of model ==========================

============================== MODEL =================================

interpretation( 7, [number=23, seconds=0], [

        function(ds, [ 6 ]),

        function(noStates, [ 3 ]),

        function(b(_,_), [
			   0, 0, 0, 0, 0, 0, 0,
			   0, 0, 1, 1, 0, 2, 0,
			   0, 1, 1, 1, 0, 2, 0,
			   0, 0, 0, 0, 1, 2, 0,
			   0, 2, 2, 1, 2, 0, 0,
			   0, 0, 0, 2, 1, 2, 0,
			   0, 0, 0, 0, 0, 0, 0 ]),

        function(c(_,_), [
			   0, 0, 0, 0, 0, 0, 0,
			   0, 2, 1, 1, 2, 1, 0,
			   0, 0, 1, 1, 2, 1, 0,
			   0, 2, 2, 0, 0, 0, 0,
			   0, 2, 1, 0, 0, 0, 0,
			   0, 2, 2, 1, 1, 0, 0,
			   0, 0, 0, 0, 0, 0, 0 ])
]).

============================== end of model ==========================

============================== MODEL =================================

interpretation( 7, [number=24, seconds=0], [

        function(ds, [ 6 ]),

        function(noStates, [ 3 ]),

        function(b(_,_), [
			   0, 0, 0, 0, 0, 0, 0,
			   0, 0, 1, 1, 0, 2, 0,
			   0, 1, 1, 1, 0, 2, 0,
			   0, 0, 0, 0, 1, 2, 0,
			   0, 2, 2, 1, 2, 0, 0,
			   0, 0, 0, 2, 1, 2, 0,
			   0, 0, 0, 0, 0, 0, 0 ]),

        function(c(_,_), [
			   0, 0, 0, 0, 0, 0, 0,
			   0, 2, 1, 2, 2, 2, 0,
			   0, 0, 0, 0, 0, 0, 0,
			   0, 0, 1, 0, 1, 2, 0,
			   0, 2, 2, 1, 2, 1, 0,
			   0, 0, 1, 0, 2, 1, 0,
			   0, 0, 0, 0, 0, 0, 0 ])
]).

============================== end of model ==========================

============================== MODEL =================================

interpretation( 7, [number=25, seconds=0], [

        function(ds, [ 6 ]),

        function(noStates, [ 3 ]),

        function(b(_,_), [
			   0, 0, 0, 0, 0, 0, 0,
			   0, 0, 1, 1, 0, 2, 0,
			   0, 1, 1, 1, 0, 2, 0,
			   0, 0, 0, 0, 1, 2, 0,
			   0, 2, 2, 1, 2, 0, 0,
			   0, 0, 0, 2, 1, 2, 0,
			   0, 0, 0, 0, 0, 0, 0 ]),

        function(c(_,_), [
			   0, 0, 0, 0, 0, 0, 0,
			   0, 2, 2, 0, 1, 0, 0,
			   0, 2, 1, 2, 2, 0, 0,
			   0, 0, 1, 0, 1, 2, 0,
			   0, 0, 1, 2, 0, 1, 0,
			   0, 0, 0, 2, 0, 0, 0,
			   0, 0, 0, 0, 0, 0, 0 ])
]).

============================== end of model ==========================

============================== MODEL =================================

interpretation( 7, [number=26, seconds=0], [

        function(ds, [ 6 ]),

        function(noStates, [ 3 ]),

        function(b(_,_), [
			   0, 0, 0, 0, 0, 0, 0,
			   0, 0, 1, 1, 0, 2, 0,
			   0, 1, 1, 1, 0, 2, 0,
			   0, 0, 0, 0, 1, 2, 0,
			   0, 2, 2, 1, 2, 0, 0,
			   0, 0, 0, 2, 1, 2, 0,
			   0, 0, 0, 0, 0, 0, 0 ]),

        function(c(_,_), [
			   0, 0, 0, 0, 0, 0, 0,
			   0, 2, 2, 1, 1, 1, 0,
			   0, 2, 0, 1, 0, 2, 0,
			   0, 1, 0, 0, 2, 1, 0,
			   0, 0, 2, 0, 2, 2, 0,
			   0, 1, 2, 1, 1, 1, 0,
			   0, 0, 0, 0, 0, 0, 0 ])
]).

============================== end of model ==========================

============================== MODEL =================================

interpretation( 7, [number=27, seconds=0], [

        function(ds, [ 6 ]),

        function(noStates, [ 3 ]),

        function(b(_,_), [
			   0, 0, 0, 0, 0, 0, 0,
			   0, 0, 1, 1, 0, 2, 0,
			   0, 1, 1, 1, 0, 2, 0,
			   0, 0, 0, 0, 1, 2, 0,
			   0, 2, 2, 1, 2, 0, 0,
			   0, 0, 0, 2, 1, 2, 0,
			   0, 0, 0, 0, 0, 0, 0 ]),

        function(c(_,_), [
			   0, 0, 0, 0, 0, 0, 0,
			   0, 2, 2, 2, 1, 2, 0,
			   0, 2, 2, 0, 1, 1, 0,
			   0, 2, 2, 0, 0, 0, 0,
			   0, 0, 0, 1, 1, 0, 0,
			   0, 2, 1, 0, 2, 2, 0,
			   0, 0, 0, 0, 0, 0, 0 ])
]).

============================== end of model ==========================

============================== STATISTICS ============================

For domain size 7.

Current CPU time: 0.00 seconds (total CPU time: 0.51 seconds).
Ground clauses: seen=118117, kept=270.
Selections=4388, assignments=30716, propagations=109, current_models=27.
Rewrite_terms=154029, rewrite_bools=42008, indexes=0.
Rules_from_neg_clauses=0, cross_offs=5.

============================== end of statistics =====================

User_CPU=0.51, System_CPU=0.01, Wall_clock=1.

Exiting with 27 models.

Process 6402 exit (all_models) Mon Nov 22 16:13:56 2021
The process finished Mon Nov 22 16:13:56 2021
