[
  [7,
    [ "=(number,1)",  "=(seconds,1)" ],
    [
      ["function", "On", 2,
        [
          [ 0, 0, 0, 0, 0, 0, 0],
          [ 0, 1, 0, 0, 0, 1, 0],
          [ 0, 0, 0, 0, 0, 0, 0],
          [ 0, 0, 0, 1, 0, 0, 0],
          [ 0, 0, 1, 0, 0, 0, 0],
          [ 0, 0, 0, 0, 0, 0, 0],
          [ 0, 0, 0, 0, 0, 0, 0]
        ]
      ],
      ["function", "Switch", 2,
        [
          [ 0, 0, 0, 0, 0, 0, 0],
          [ 0, 0, 0, 1, 1, 0, 0],
          [ 0, 1, 1, 0, 0, 0, 0],
          [ 0, 0, 0, 0, 1, 0, 0],
          [ 0, 1, 1, 0, 1, 1, 0],
          [ 0, 0, 1, 0, 1, 0, 0],
          [ 0, 0, 0, 0, 0, 0, 0]
        ]
      ],
      ["function", "Xor", 2,
        [
          [ 0, 1, 0, 0, 0, 0, 0],
          [ 1, 0, 0, 0, 0, 0, 0],
          [ 0, 0, 0, 0, 0, 0, 0],
          [ 0, 0, 0, 0, 0, 0, 0],
          [ 0, 0, 0, 0, 0, 0, 0],
          [ 0, 0, 0, 0, 0, 0, 0],
          [ 0, 0, 0, 0, 0, 0, 0]
        ]
      ],
      ["relation", "OddToggles", 2,
        [
          [ 0, 0, 0, 0, 0, 0, 0],
          [ 0, 1, 0, 0, 0, 1, 0],
          [ 0, 0, 0, 0, 0, 0, 0],
          [ 0, 0, 0, 1, 0, 0, 0],
          [ 0, 0, 1, 0, 0, 0, 0],
          [ 0, 0, 0, 0, 0, 0, 0],
          [ 0, 0, 0, 0, 0, 0, 0]
        ]
      ]
    ]
  ],
  [7,
    [ "=(number,2)",  "=(seconds,1)" ],
    [
      ["function", "On", 2,
        [
          [ 0, 0, 0, 0, 0, 0, 0],
          [ 0, 1, 0, 0, 0, 1, 0],
          [ 0, 0, 0, 0, 0, 0, 0],
          [ 0, 0, 0, 1, 0, 0, 0],
          [ 0, 0, 1, 0, 0, 0, 0],
          [ 0, 0, 0, 0, 0, 0, 0],
          [ 0, 0, 0, 0, 0, 0, 0]
        ]
      ],
      ["function", "Switch", 2,
        [
          [ 0, 0, 0, 0, 0, 0, 0],
          [ 0, 0, 1, 0, 0, 0, 0],
          [ 0, 0, 1, 1, 0, 1, 0],
          [ 0, 1, 1, 0, 0, 1, 0],
          [ 0, 0, 1, 1, 1, 0, 0],
          [ 0, 0, 0, 1, 0, 0, 0],
          [ 0, 0, 0, 0, 0, 0, 0]
        ]
      ],
      ["function", "Xor", 2,
        [
          [ 0, 1, 0, 0, 0, 0, 0],
          [ 1, 0, 0, 0, 0, 0, 0],
          [ 0, 0, 0, 0, 0, 0, 0],
          [ 0, 0, 0, 0, 0, 0, 0],
          [ 0, 0, 0, 0, 0, 0, 0],
          [ 0, 0, 0, 0, 0, 0, 0],
          [ 0, 0, 0, 0, 0, 0, 0]
        ]
      ],
      ["relation", "OddToggles", 2,
        [
          [ 0, 0, 0, 0, 0, 0, 0],
          [ 0, 1, 0, 0, 0, 1, 0],
          [ 0, 0, 0, 0, 0, 0, 0],
          [ 0, 0, 0, 1, 0, 0, 0],
          [ 0, 0, 1, 0, 0, 0, 0],
          [ 0, 0, 0, 0, 0, 0, 0],
          [ 0, 0, 0, 0, 0, 0, 0]
        ]
      ]
    ]
  ],
  [7,
    [ "=(number,3)",  "=(seconds,1)" ],
    [
      ["function", "On", 2,
        [
          [ 0, 0, 0, 0, 0, 0, 0],
          [ 0, 1, 0, 0, 0, 1, 0],
          [ 0, 0, 0, 0, 0, 0, 0],
          [ 0, 0, 0, 1, 0, 0, 0],
          [ 0, 0, 1, 0, 0, 0, 0],
          [ 0, 0, 0, 0, 0, 0, 0],
          [ 0, 0, 0, 0, 0, 0, 0]
        ]
      ],
      ["function", "Switch", 2,
        [
          [ 0, 0, 0, 0, 0, 0, 0],
          [ 0, 1, 0, 0, 1, 1, 0],
          [ 0, 0, 1, 1, 0, 1, 0],
          [ 0, 0, 0, 0, 1, 0, 0],
          [ 0, 0, 1, 1, 1, 0, 0],
          [ 0, 1, 1, 1, 1, 1, 0],
          [ 0, 0, 0, 0, 0, 0, 0]
        ]
      ],
      ["function", "Xor", 2,
        [
          [ 0, 1, 0, 0, 0, 0, 0],
          [ 1, 0, 0, 0, 0, 0, 0],
          [ 0, 0, 0, 0, 0, 0, 0],
          [ 0, 0, 0, 0, 0, 0, 0],
          [ 0, 0, 0, 0, 0, 0, 0],
          [ 0, 0, 0, 0, 0, 0, 0],
          [ 0, 0, 0, 0, 0, 0, 0]
        ]
      ],
      ["relation", "OddToggles", 2,
        [
          [ 0, 0, 0, 0, 0, 0, 0],
          [ 0, 1, 0, 0, 0, 1, 0],
          [ 0, 0, 0, 0, 0, 0, 0],
          [ 0, 0, 0, 1, 0, 0, 0],
          [ 0, 0, 1, 0, 0, 0, 0],
          [ 0, 0, 0, 0, 0, 0, 0],
          [ 0, 0, 0, 0, 0, 0, 0]
        ]
      ]
    ]
  ],
  [7,
    [ "=(number,4)",  "=(seconds,1)" ],
    [
      ["function", "On", 2,
        [
          [ 0, 0, 0, 0, 0, 0, 0],
          [ 0, 1, 0, 0, 0, 1, 0],
          [ 0, 0, 0, 0, 0, 0, 0],
          [ 0, 0, 0, 1, 0, 0, 0],
          [ 0, 0, 1, 0, 0, 0, 0],
          [ 0, 0, 0, 0, 0, 0, 0],
          [ 0, 0, 0, 0, 0, 0, 0]
        ]
      ],
      ["function", "Switch", 2,
        [
          [ 0, 0, 0, 0, 0, 0, 0],
          [ 0, 1, 1, 1, 0, 1, 0],
          [ 0, 1, 1, 0, 0, 0, 0],
          [ 0, 1, 1, 0, 0, 1, 0],
          [ 0, 1, 1, 0, 1, 1, 0],
          [ 0, 1, 0, 0, 0, 1, 0],
          [ 0, 0, 0, 0, 0, 0, 0]
        ]
      ],
      ["function", "Xor", 2,
        [
          [ 0, 1, 0, 0, 0, 0, 0],
          [ 1, 0, 0, 0, 0, 0, 0],
          [ 0, 0, 0, 0, 0, 0, 0],
          [ 0, 0, 0, 0, 0, 0, 0],
          [ 0, 0, 0, 0, 0, 0, 0],
          [ 0, 0, 0, 0, 0, 0, 0],
          [ 0, 0, 0, 0, 0, 0, 0]
        ]
      ],
      ["relation", "OddToggles", 2,
        [
          [ 0, 0, 0, 0, 0, 0, 0],
          [ 0, 1, 0, 0, 0, 1, 0],
          [ 0, 0, 0, 0, 0, 0, 0],
          [ 0, 0, 0, 1, 0, 0, 0],
          [ 0, 0, 1, 0, 0, 0, 0],
          [ 0, 0, 0, 0, 0, 0, 0],
          [ 0, 0, 0, 0, 0, 0, 0]
        ]
      ]
    ]
  ]
]
